<?xml version="1.0" encoding="UTF-8"?>
<!-- Generated by org.testng.reporters.JUnitReportReporter -->
<testsuite skipped="0" hostname="DESKTOP-K069M92" name="com.leafBot.testcases.TC001_CreateLead" tests="2" failures="0" timestamp="05 Oct 2019 11:07:08 GMT" time="13.435" errors="0">
  <testcase name="runTC001" time="5.968" classname="com.leafBot.testcases.TC001_CreateLead"/>
  <testcase name="runTC001" time="7.467" classname="com.leafBot.testcases.TC001_CreateLead"/>
</testsuite> <!-- com.leafBot.testcases.TC001_CreateLead -->
