<?xml version="1.0" encoding="UTF-8"?>
<!-- Generated by org.testng.reporters.JUnitReportReporter -->
<testsuite skipped="0" hostname="DESKTOP-K069M92" name="com.leafBot.testcases.TC002_testsample" tests="1" failures="0" timestamp="05 Oct 2019 11:33:52 GMT" time="8.496" errors="0">
  <testcase name="testingcrmsfa" time="8.496" classname="com.leafBot.testcases.TC002_testsample"/>
</testsuite> <!-- com.leafBot.testcases.TC002_testsample -->
